<?xml version="1.0" encoding="UTF-8"?>
<!-- Generated by org.testng.reporters.JUnitReportReporter -->
<testsuite hostname="TVDI-040" failures="0" tests="5" name="com.git.GitAPI" time="7.704" errors="0" timestamp="2023-07-14T09:39:28 IST" skipped="0">
  <testcase classname="com.git.GitAPI" name="getUser" time="3.974"/>
  <testcase classname="com.git.GitAPI" name="getRepo" time="1.249"/>
  <testcase classname="com.git.GitAPI" name="create" time="1.137"/>
  <testcase classname="com.git.GitAPI" name="update" time="0.761"/>
  <testcase classname="com.git.GitAPI" name="delete" time="0.583"/>
</testsuite> <!-- com.git.GitAPI -->
